# JRE version: Java(TM) SE Runtime Environment (8.0_66-b18) (build 1.8.0_66-b18)
# Java VM: Java HotSpot(TM) 64-Bit Server VM (25.66-b18 mixed mode windows-amd64 compressed oops)
Heap:
 PSYoungGen      total 147456K, used 102971K [0x00000000eab00000, 0x00000000f4b80000, 0x0000000100000000)
  eden space 136704K, 67% used [0x00000000eab00000,0x00000000f0514170,0x00000000f3080000)
  from space 10752K, 99% used [0x00000000f3d80000,0x00000000f47fae00,0x00000000f4800000)
  to   space 13312K, 0% used [0x00000000f3080000,0x00000000f3080000,0x00000000f3d80000)
 ParOldGen       total 45568K, used 10452K [0x00000000c0000000, 0x00000000c2c80000, 0x00000000eab00000)
  object space 45568K, 22% used [0x00000000c0000000,0x00000000c0a352b8,0x00000000c2c80000)
 Metaspace       used 34297K, capacity 35310K, committed 35456K, reserved 1079296K
  class space    used 4587K, capacity 4985K, committed 4992K, reserved 1048576K
GC Heap History (10 events):
Event: 32.071 GC heap before
{Heap before GC invocations=9 (full 1):
 PSYoungGen      total 43520K, used 33444K [0x00000000eab00000, 0x00000000efa80000, 0x0000000100000000)
  eden space 32256K, 100% used [0x00000000eab00000,0x00000000eca80000,0x00000000eca80000)
  from space 11264K, 10% used [0x00000000eca80000,0x00000000ecba90e0,0x00000000ed580000)
  to   space 11264K, 0% used [0x00000000eef80000,0x00000000eef80000,0x00000000efa80000)
 ParOldGen       total 45568K, used 7815K [0x00000000c0000000, 0x00000000c2c80000, 0x00000000eab00000)
  object space 45568K, 17% used [0x00000000c0000000,0x00000000c07a1db8,0x00000000c2c80000)
 Metaspace       used 22180K, capacity 22680K, committed 22912K, reserved 1069056K
  class space    used 2929K, capacity 3111K, committed 3200K, reserved 1048576K
Event: 32.085 GC heap after
Heap after GC invocations=9 (full 1):
 PSYoungGen      total 70144K, used 1352K [0x00000000eab00000, 0x00000000efd00000, 0x0000000100000000)
  eden space 58880K, 0% used [0x00000000eab00000,0x00000000eab00000,0x00000000ee480000)
  from space 11264K, 12% used [0x00000000eef80000,0x00000000ef0d2120,0x00000000efa80000)
  to   space 11264K, 0% used [0x00000000ee480000,0x00000000ee480000,0x00000000eef80000)
 ParOldGen       total 45568K, used 7815K [0x00000000c0000000, 0x00000000c2c80000, 0x00000000eab00000)
  object space 45568K, 17% used [0x00000000c0000000,0x00000000c07a1db8,0x00000000c2c80000)
 Metaspace       used 22180K, capacity 22680K, committed 22912K, reserved 1069056K
  class space    used 2929K, capacity 3111K, committed 3200K, reserved 1048576K
}
Event: 32.440 GC heap before
{Heap before GC invocations=10 (full 1):
 PSYoungGen      total 70144K, used 60232K [0x00000000eab00000, 0x00000000efd00000, 0x0000000100000000)
  eden space 58880K, 100% used [0x00000000eab00000,0x00000000ee480000,0x00000000ee480000)
  from space 11264K, 12% used [0x00000000eef80000,0x00000000ef0d2120,0x00000000efa80000)
  to   space 11264K, 0% used [0x00000000ee480000,0x00000000ee480000,0x00000000eef80000)
 ParOldGen       total 45568K, used 7815K [0x00000000c0000000, 0x00000000c2c80000, 0x00000000eab00000)
  object space 45568K, 17% used [0x00000000c0000000,0x00000000c07a1db8,0x00000000c2c80000)
 Metaspace       used 22212K, capacity 22744K, committed 22912K, reserved 1069056K
  class space    used 2930K, capacity 3111K, committed 3200K, reserved 1048576K
Event: 32.443 GC heap after
Heap after GC invocations=10 (full 1):
 PSYoungGen      total 70144K, used 1768K [0x00000000eab00000, 0x00000000f1980000, 0x0000000100000000)
  eden space 58880K, 0% used [0x00000000eab00000,0x00000000eab00000,0x00000000ee480000)
  from space 11264K, 15% used [0x00000000ee480000,0x00000000ee63a100,0x00000000eef80000)
  to   space 11264K, 0% used [0x00000000f0e80000,0x00000000f0e80000,0x00000000f1980000)
 ParOldGen       total 45568K, used 7823K [0x00000000c0000000, 0x00000000c2c80000, 0x00000000eab00000)
  object space 45568K, 17% used [0x00000000c0000000,0x00000000c07a3db8,0x00000000c2c80000)
 Metaspace       used 22212K, capacity 22744K, committed 22912K, reserved 1069056K
  class space    used 2930K, capacity 3111K, committed 3200K, reserved 1048576K
}
Event: 32.676 GC heap before
{Heap before GC invocations=11 (full 1):
 PSYoungGen      total 70144K, used 60648K [0x00000000eab00000, 0x00000000f1980000, 0x0000000100000000)
  eden space 58880K, 100% used [0x00000000eab00000,0x00000000ee480000,0x00000000ee480000)
  from space 11264K, 15% used [0x00000000ee480000,0x00000000ee63a100,0x00000000eef80000)
  to   space 11264K, 0% used [0x00000000f0e80000,0x00000000f0e80000,0x00000000f1980000)
 ParOldGen       total 45568K, used 7823K [0x00000000c0000000, 0x00000000c2c80000, 0x00000000eab00000)
  object space 45568K, 17% used [0x00000000c0000000,0x00000000c07a3db8,0x00000000c2c80000)
 Metaspace       used 22214K, capacity 22744K, committed 22912K, reserved 1069056K
  class space    used 2931K, capacity 3111K, committed 3200K, reserved 1048576K
Event: 32.679 GC heap after
Heap after GC invocations=11 (full 1):
 PSYoungGen      total 99840K, used 976K [0x00000000eab00000, 0x00000000f1800000, 0x0000000100000000)
  eden space 90112K, 0% used [0x00000000eab00000,0x00000000eab00000,0x00000000f0300000)
  from space 9728K, 10% used [0x00000000f0e80000,0x00000000f0f74010,0x00000000f1800000)
  to   space 10752K, 0% used [0x00000000f0300000,0x00000000f0300000,0x00000000f0d80000)
 ParOldGen       total 45568K, used 8831K [0x00000000c0000000, 0x00000000c2c80000, 0x00000000eab00000)
  object space 45568K, 19% used [0x00000000c0000000,0x00000000c089ff08,0x00000000c2c80000)
 Metaspace       used 22214K, capacity 22744K, committed 22912K, reserved 1069056K
  class space    used 2931K, capacity 3111K, committed 3200K, reserved 1048576K
}
Event: 33.191 GC heap before
{Heap before GC invocations=12 (full 1):
 PSYoungGen      total 99840K, used 91088K [0x00000000eab00000, 0x00000000f1800000, 0x0000000100000000)
  eden space 90112K, 100% used [0x00000000eab00000,0x00000000f0300000,0x00000000f0300000)
  from space 9728K, 10% used [0x00000000f0e80000,0x00000000f0f74010,0x00000000f1800000)
  to   space 10752K, 0% used [0x00000000f0300000,0x00000000f0300000,0x00000000f0d80000)
 ParOldGen       total 45568K, used 8831K [0x00000000c0000000, 0x00000000c2c80000, 0x00000000eab00000)
  object space 45568K, 19% used [0x00000000c0000000,0x00000000c089ff08,0x00000000c2c80000)
 Metaspace       used 22214K, capacity 22744K, committed 22912K, reserved 1069056K
  class space    used 2931K, capacity 3111K, committed 3200K, reserved 1048576K
Event: 33.207 GC heap after
Heap after GC invocations=12 (full 1):
 PSYoungGen      total 100864K, used 1216K [0x00000000eab00000, 0x00000000f4800000, 0x0000000100000000)
  eden space 90112K, 0% used [0x00000000eab00000,0x00000000eab00000,0x00000000f0300000)
  from space 10752K, 11% used [0x00000000f0300000,0x00000000f0430020,0x00000000f0d80000)
  to   space 10752K, 0% used [0x00000000f3d80000,0x00000000f3d80000,0x00000000f4800000)
 ParOldGen       total 45568K, used 9135K [0x00000000c0000000, 0x00000000c2c80000, 0x00000000eab00000)
  object space 45568K, 20% used [0x00000000c0000000,0x00000000c08ebf08,0x00000000c2c80000)
 Metaspace       used 22214K, capacity 22744K, committed 22912K, reserved 1069056K
  class space    used 2931K, capacity 3111K, committed 3200K, reserved 1048576K
}
Event: 48.996 GC heap before
{Heap before GC invocations=13 (full 1):
 PSYoungGen      total 100864K, used 91328K [0x00000000eab00000, 0x00000000f4800000, 0x0000000100000000)
  eden space 90112K, 100% used [0x00000000eab00000,0x00000000f0300000,0x00000000f0300000)
  from space 10752K, 11% used [0x00000000f0300000,0x00000000f0430020,0x00000000f0d80000)
  to   space 10752K, 0% used [0x00000000f3d80000,0x00000000f3d80000,0x00000000f4800000)
 ParOldGen       total 45568K, used 9135K [0x00000000c0000000, 0x00000000c2c80000, 0x00000000eab00000)
  object space 45568K, 20% used [0x00000000c0000000,0x00000000c08ebf08,0x00000000c2c80000)
 Metaspace       used 29066K, capacity 29920K, committed 30080K, reserved 1075200K
  class space    used 3855K, capacity 4175K, committed 4224K, reserved 1048576K
Event: 49.007 GC heap after
Heap after GC invocations=13 (full 1):
 PSYoungGen      total 147456K, used 10731K [0x00000000eab00000, 0x00000000f4b80000, 0x0000000100000000)
  eden space 136704K, 0% used [0x00000000eab00000,0x00000000eab00000,0x00000000f3080000)
  from space 10752K, 99% used [0x00000000f3d80000,0x00000000f47fae00,0x00000000f4800000)
  to   space 13312K, 0% used [0x00000000f3080000,0x00000000f3080000,0x00000000f3d80000)
 ParOldGen       total 45568K, used 10452K [0x00000000c0000000, 0x00000000c2c80000, 0x00000000eab00000)
  object space 45568K, 22% used [0x00000000c0000000,0x00000000c0a352b8,0x00000000c2c80000)
 Metaspace       used 29066K, capacity 29920K, committed 30080K, reserved 1075200K
  class space    used 3855K, capacity 4175K, committed 4224K, reserved 1048576K
}

